Generated initial conditions in 0.016748 seconds.
avg speed: 4547.72 m/s
T = 4101.1 K
Run time: 20.9389 seconds
Generated initial conditions in 0.0182228 seconds.
avg speed: 4663.25 m/s
T = 4218.76 K
Run time: 21.712 seconds
Generated initial conditions in 0.0179851 seconds.
avg speed: 4554.96 m/s
T = 4103.39 K
Run time: 20.2243 seconds
Generated initial conditions in 0.017982 seconds.
avg speed: 4667 m/s
T = 4211.18 K
Run time: 21.1483 seconds
Generated initial conditions in 0.0181189 seconds.
avg speed: 4582.99 m/s
T = 4130.1 K
Run time: 21.2954 seconds
