Generated initial conditions in 0.00444092 seconds.
avg speed: 4791.99 m/s
T = 4349.57 K
Run time: 8.56754 seconds
Generated initial conditions in 0.00325426 seconds.
avg speed: 4782.83 m/s
T = 4314.23 K
Run time: 8.36418 seconds
Generated initial conditions in 0.00324694 seconds.
avg speed: 4809.15 m/s
T = 4374.43 K
Run time: 8.37443 seconds
Generated initial conditions in 0.00324675 seconds.
avg speed: 4770.5 m/s
T = 4302.09 K
Run time: 8.37767 seconds
Generated initial conditions in 0.00324058 seconds.
avg speed: 4796.47 m/s
T = 4351.21 K
Run time: 8.37245 seconds
Application 73968337 resources: utime ~33s, stime ~10s, Rss ~92412, inblocks ~369, outblocks ~8376
