MM1:
PAPI event 0: 639459268
PAPI event 1: 4349518093
Time: 6.945756s

MM2:
The number of thread: 11 
The number of thread: 0 
The number of thread: 8 
The number of thread: 4 
The number of thread: 1 
The number of thread: 3 
The number of thread: 7 
The number of thread: 12 
The number of thread: 6 
The number of thread: 10 
The number of thread: 5 
The number of thread: 14 
The number of thread: 2 
The number of thread: 9 
The number of thread: 13 
The number of thread: 15 
PAPI event 0: 640043612
PAPI event 1: 4354216851
Time: 0.612279s
TEST PASSED

MM3:
PAPI event 0: 139910853
PAPI event 1: 4509849141
Time: 4.391300s
TEST PASSED

MM4:
The number of thread: 0 
The number of thread: 4 
The number of thread: 2 
The number of thread: 8 
The number of thread: 12 
The number of thread: 11 
The number of thread: 3 
The number of thread: 10 
The number of thread: 6 
The number of thread: 5 
The number of thread: 7 
The number of thread: 9 
The number of thread: 14 
The number of thread: 13 
The number of thread: 1 
The number of thread: 15 
PAPI event 0: 136869354
PAPI event 1: 4518159000
Time: 0.399062s
TEST PASSED

