MM1:
PAPI event 0: 639818425
PAPI event 1: 4791583447
Time: 9.935149s

MM2:
The number of thread: 0 
The number of thread: 12 
The number of thread: 15 
The number of thread: 3 
The number of thread: 14 
The number of thread: 2 
The number of thread: 10 
The number of thread: 4 
The number of thread: 9 
The number of thread: 1 
The number of thread: 8 
The number of thread: 6 
The number of thread: 7 
The number of thread: 5 
The number of thread: 13 
The number of thread: 11 
PAPI event 0: 639958178
PAPI event 1: 4791297674
Time: 0.756042s
TEST PASSED

MM3:
PAPI event 0: 221726857
PAPI event 1: 4796191712
Time: 5.580747s
TEST PASSED

MM4:
The number of thread: 0 
The number of thread: 12 
The number of thread: 8 
The number of thread: 2 
The number of thread: 4 
The number of thread: 10 
The number of thread: 14 
The number of thread: 3 
The number of thread: 9 
The number of thread: 1 
The number of thread: 13 
The number of thread: 11 
The number of thread: 6 
The number of thread: 15 
The number of thread: 5 
The number of thread: 7 
PAPI event 0: 229394695
PAPI event 1: 4800484551
Time: 0.389078s
TEST PASSED

