MM1:
PAPI event 0: 639654537
PAPI event 1: 4791541721
Time: 9.987039s

MM2:
The number of thread: 0 
The number of thread: 8 
The number of thread: 15 
The number of thread: 9 
The number of thread: 3 
The number of thread: 14 
The number of thread: 6 
The number of thread: 4 
The number of thread: 11 
The number of thread: 1 
The number of thread: 7 
The number of thread: 5 
The number of thread: 2 
The number of thread: 12 
The number of thread: 10 
The number of thread: 13 
PAPI event 0: 640348584
PAPI event 1: 4795146715
Time: 0.816514s
TEST PASSED

MM3:
PAPI event 0: 220121127
PAPI event 1: 4796440709
Time: 5.222611s
TEST PASSED

MM4:
The number of thread: 0 
The number of thread: 12 
The number of thread: 8 
The number of thread: 1 
The number of thread: 10 
The number of thread: 11 
The number of thread: 2 
The number of thread: 3 
The number of thread: 15 
The number of thread: 13 
The number of thread: 4 
The number of thread: 14 
The number of thread: 7 
The number of thread: 5 
The number of thread: 9 
The number of thread: 6 
PAPI event 0: 228400764
PAPI event 1: 4796141431
Time: 0.606002s
TEST PASSED

